Date: 12/06/2024, Time: 18:53
Error: getaddrinfo EAI_AGAIN smtp.gmail.com
Stack Trace: Error: getaddrinfo EAI_AGAIN smtp.gmail.com
    at GetAddrInfoReqWrap.onlookupall [as oncomplete] (node:dns:118:26)
Date: 12/06/2024, Time: 18:53
Error: self-signed certificate in certificate chain
Stack Trace: Error: self-signed certificate in certificate chain
    at TLSSocket.onConnectSecure (node:_tls_wrap:1674:34)
    at TLSSocket.emit (node:events:518:28)
    at TLSSocket._finishInit (node:_tls_wrap:1085:8)
    at ssl.onhandshakedone (node:_tls_wrap:871:12)
Date: 12/06/2024, Time: 18:53
Error: self-signed certificate in certificate chain
Stack Trace: Error: self-signed certificate in certificate chain
    at TLSSocket.onConnectSecure (node:_tls_wrap:1674:34)
    at TLSSocket.emit (node:events:518:28)
    at TLSSocket._finishInit (node:_tls_wrap:1085:8)
    at ssl.onhandshakedone (node:_tls_wrap:871:12)
Date: 12/06/2024, Time: 18:53
Error: self-signed certificate in certificate chain
Stack Trace: Error: self-signed certificate in certificate chain
    at TLSSocket.onConnectSecure (node:_tls_wrap:1674:34)
    at TLSSocket.emit (node:events:518:28)
    at TLSSocket._finishInit (node:_tls_wrap:1085:8)
    at ssl.onhandshakedone (node:_tls_wrap:871:12)
Date: 12/06/2024, Time: 19:07
Error: Cast to ObjectId failed for value "{ _id: 'undefined', isActive: true }" (type Object) at path "_id" for model "employees"
Stack Trace: CastError: Cast to ObjectId failed for value "{ _id: 'undefined', isActive: true }" (type Object) at path "_id" for model "employees"
    at SchemaObjectId.cast (D:\mom\mom-backend\node_modules\mongoose\lib\schema\objectId.js:250:11)
    at SchemaType.applySetters (D:\mom\mom-backend\node_modules\mongoose\lib\schemaType.js:1236:12)
    at SchemaType.castForQuery (D:\mom\mom-backend\node_modules\mongoose\lib\schemaType.js:1653:17)
    at cast (D:\mom\mom-backend\node_modules\mongoose\lib\cast.js:304:34)
    at Query.cast (D:\mom\mom-backend\node_modules\mongoose\lib\query.js:4786:12)
    at Query._castConditions (D:\mom\mom-backend\node_modules\mongoose\lib\query.js:2199:10)
    at model.Query._findOne (D:\mom\mom-backend\node_modules\mongoose\lib\query.js:2513:8)
    at model.Query.exec (D:\mom\mom-backend\node_modules\mongoose\lib\query.js:4330:80)
    at process.processTicksAndRejections (node:internal/process/task_queues:95:5)
    at async Object.viewSingleEmployee (D:\mom\mom-backend\services\employeeService.js:181:32)
